<?xml version="1.0" encoding="UTF-8"?>
<testng-results ignored="0" total="3" passed="3" failed="0" skipped="0">
  <reporter-output>
  </reporter-output>
  <suite started-at="2025-04-18T10:23:53Z" name="Suite" finished-at="2025-04-18T10:24:07Z" duration-ms="13759">
    <groups>
    </groups>
    <test started-at="2025-04-18T10:23:53Z" name="Submit Order Test" finished-at="2025-04-18T10:24:01Z" duration-ms="7636">
      <class name="aryansacademy.tests.SubmitOrderTest">
        <test-method is-config="true" signature="launchApplication()[pri:0, instance:aryansacademy.tests.SubmitOrderTest@5c33f1a9]" started-at="2025-04-18T10:23:53Z" name="launchApplication" finished-at="2025-04-18T10:23:56Z" duration-ms="2713" status="PASS">
          <reporter-output>
          </reporter-output>
        </test-method> <!-- launchApplication -->
        <test-method signature="submitOrder()[pri:0, instance:aryansacademy.tests.SubmitOrderTest@5c33f1a9]" started-at="2025-04-18T10:23:56Z" name="submitOrder" finished-at="2025-04-18T10:24:00Z" duration-ms="4577" status="PASS">
          <reporter-output>
          </reporter-output>
        </test-method> <!-- submitOrder -->
        <test-method is-config="true" signature="tearDown()[pri:0, instance:aryansacademy.tests.SubmitOrderTest@5c33f1a9]" started-at="2025-04-18T10:24:00Z" name="tearDown" finished-at="2025-04-18T10:24:01Z" duration-ms="322" status="PASS">
          <reporter-output>
          </reporter-output>
        </test-method> <!-- tearDown -->
      </class> <!-- aryansacademy.tests.SubmitOrderTest -->
    </test> <!-- Submit Order Test -->
    <test started-at="2025-04-18T10:24:01Z" name="Error Validation Test" finished-at="2025-04-18T10:24:07Z" duration-ms="6103">
      <class name="aryansacademy.tests.ErrorValidationsTest">
        <test-method is-config="true" signature="launchApplication()[pri:0, instance:aryansacademy.tests.ErrorValidationsTest@2a4fb17b]" started-at="2025-04-18T10:24:01Z" name="launchApplication" finished-at="2025-04-18T10:24:02Z" duration-ms="1569" status="PASS">
          <reporter-output>
          </reporter-output>
        </test-method> <!-- launchApplication -->
        <test-method signature="LoginErrorValidation()[pri:0, instance:aryansacademy.tests.ErrorValidationsTest@2a4fb17b]" started-at="2025-04-18T10:24:02Z" name="LoginErrorValidation" finished-at="2025-04-18T10:24:03Z" duration-ms="555" status="PASS">
          <reporter-output>
          </reporter-output>
        </test-method> <!-- LoginErrorValidation -->
        <test-method signature="ProductErrorValidation()[pri:0, instance:aryansacademy.tests.ErrorValidationsTest@2a4fb17b]" started-at="2025-04-18T10:24:03Z" name="ProductErrorValidation" finished-at="2025-04-18T10:24:06Z" duration-ms="3660" status="PASS">
          <reporter-output>
          </reporter-output>
        </test-method> <!-- ProductErrorValidation -->
        <test-method is-config="true" signature="tearDown()[pri:0, instance:aryansacademy.tests.ErrorValidationsTest@2a4fb17b]" started-at="2025-04-18T10:24:06Z" name="tearDown" finished-at="2025-04-18T10:24:07Z" duration-ms="314" status="PASS">
          <reporter-output>
          </reporter-output>
        </test-method> <!-- tearDown -->
      </class> <!-- aryansacademy.tests.ErrorValidationsTest -->
    </test> <!-- Error Validation Test -->
  </suite> <!-- Suite -->
</testng-results>
