<?xml version="1.0" encoding="UTF-8"?>
<!-- Generated by org.testng.reporters.JUnitXMLReporter -->
<testsuite ignored="0" hostname="Aapna-Lap-212" failures="0" tests="2" name="Error Validation Test" time="6.103" errors="0" timestamp="18 Apr 2025 10:24:07 GMT">
  <testcase classname="aryansacademy.tests.ErrorValidationsTest" name="LoginErrorValidation" time="0.555"/>
  <testcase classname="aryansacademy.tests.ErrorValidationsTest" name="ProductErrorValidation" time="3.66"/>
</testsuite> <!-- Error Validation Test -->
